<?xml version="1.0" encoding="UTF-8"?>
<!-- Generated by org.testng.reporters.JUnitReportReporter -->
<testsuite hostname="Nikhil" failures="0" tests="1" name="Com.Guru99.TestCases.LoginPageTest" time="15.941" errors="0" timestamp="2023-01-08T20:19:35 IST" skipped="0">
  <testcase classname="Com.Guru99.TestCases.LoginPageTest" name="LoginTest" time="15.941"/>
  <system-out/>
</testsuite> <!-- Com.Guru99.TestCases.LoginPageTest -->
