<?xml version="1.0" encoding="UTF-8"?>
<!-- Generated by org.testng.reporters.JUnitReportReporter -->
<testsuite hostname="Nikhil" failures="0" tests="1" name="Com.Guru99.TestCases.NewCutomerTest" time="29.408" errors="0" timestamp="2023-01-08T16:42:42 IST" skipped="0">
  <testcase classname="Com.Guru99.TestCases.NewCutomerTest" name="AddnewCutomer" time="29.408"/>
  <system-out/>
</testsuite> <!-- Com.Guru99.TestCases.NewCutomerTest -->
