<?xml version="1.0" encoding="UTF-8"?>
<!-- Generated by org.testng.reporters.JUnitReportReporter -->
<testsuite hostname="Nikhil" failures="0" tests="1" name="Com.Guru99.TestCases.EditCustomerTest" time="10.212" errors="0" timestamp="2023-01-09T13:26:33 IST" skipped="0">
  <testcase classname="Com.Guru99.TestCases.EditCustomerTest" name="AddnewCutomer" time="10.212"/>
  <system-out/>
</testsuite> <!-- Com.Guru99.TestCases.EditCustomerTest -->
